<?xml version="1.0" encoding="UTF-8"?>
<testng-results ignored="0" total="1" passed="1" failed="0" skipped="0">
  <reporter-output>
  </reporter-output>
  <suite started-at="2021-05-26T02:36:14 IST" name="Default suite" finished-at="2021-05-26T02:36:18 IST" duration-ms="3737">
    <groups>
    </groups>
    <test started-at="2021-05-26T02:36:14 IST" name="Default test" finished-at="2021-05-26T02:36:18 IST" duration-ms="3737">
      <class name="BDDRestAssured.Demo1_GET_Request">
        <test-method signature="getEmployeeDetails()[pri:0, instance:BDDRestAssured.Demo1_GET_Request@7adda9cc]" started-at="2021-05-26T02:36:14 IST" name="getEmployeeDetails" finished-at="2021-05-26T02:36:18 IST" duration-ms="3701" status="PASS">
          <reporter-output>
          </reporter-output>
        </test-method> <!-- getEmployeeDetails -->
      </class> <!-- BDDRestAssured.Demo1_GET_Request -->
    </test> <!-- Default test -->
  </suite> <!-- Default suite -->
</testng-results>
